<?xml version="1.0" encoding="UTF-8"?>
<!-- Generated by org.testng.reporters.JUnitReportReporter -->
<testsuite hostname="AmiraElBahrawy" name="tests.PostsRequests" tests="3" failures="0" timestamp="1 Mar 2021 00:32:39 GMT" time="4.347" errors="0">
  <testcase name="createPost" time="3.276" classname="tests.PostsRequests"/>
  <testcase name="getAllPosts" time="0.604" classname="tests.PostsRequests"/>
  <testcase name="getSpecificPost" time="0.467" classname="tests.PostsRequests"/>
</testsuite> <!-- tests.PostsRequests -->
