<?xml version="1.0" encoding="UTF-8"?>
<!-- Generated by org.testng.reporters.JUnitReportReporter -->
<testsuite hostname="AmiraElBahrawy" name="RestAssuredTask.Amira.RestAssuredTask.Tra" tests="2" failures="0" timestamp="28 Feb 2021 21:42:22 GMT" time="3.480" errors="0">
  <testcase name="createPost" time="2.892" classname="RestAssuredTask.Amira.RestAssuredTask.Tra"/>
  <testcase name="getAllPosts" time="0.588" classname="RestAssuredTask.Amira.RestAssuredTask.Tra"/>
</testsuite> <!-- RestAssuredTask.Amira.RestAssuredTask.Tra -->
