<?xml version="1.0" encoding="UTF-8"?>
<!-- Generated by org.testng.reporters.JUnitReportReporter -->
<testsuite hostname="AmiraElBahrawy" name="tests.UsersRequests" tests="2" failures="0" timestamp="1 Mar 2021 00:32:39 GMT" time="1.151" errors="0">
  <testcase name="getAllUsers" time="0.479" classname="tests.UsersRequests"/>
  <testcase name="getSpecificuser" time="0.672" classname="tests.UsersRequests"/>
</testsuite> <!-- tests.UsersRequests -->
